00000000000i[     ] Bochs x86 Emulator 2.4.2
00000000000i[     ]   Build from CVS snapshot on November 12, 2009
00000000000i[     ] System configuration
00000000000i[     ]   processors: 1 (cores=1, HT threads=1)
00000000000i[     ]   A20 line support: yes
00000000000i[     ] CPU configuration
00000000000i[     ]   level: 6
00000000000i[     ]   SMP support: no
00000000000i[     ]   APIC support: yes
00000000000i[     ]   FPU support: yes
00000000000i[     ]   MMX support: yes
00000000000i[     ]   SSE support: 4E
00000000000i[     ]   CLFLUSH support: yes
00000000000i[     ]   3dnow! support: yes
00000000000i[     ]   1G paging support: no
00000000000i[     ]   x86-64 support: yes
00000000000i[     ]   SEP support: yes
00000000000i[     ]   MWAIT support: no
00000000000i[     ]   XSAVE support: yes
00000000000i[     ]   AES support: no
00000000000i[     ]   VMX support: no
00000000000i[     ] Optimization configuration
00000000000i[     ]   RepeatSpeedups support: yes
00000000000i[     ]   Trace cache support: yes
00000000000i[     ]   Fast function calls: yes
00000000000i[     ] Devices configuration
00000000000i[     ]   ACPI support: yes
00000000000i[     ]   NE2000 support: yes
00000000000i[     ]   PCI support: yes, enabled=no
00000000000i[     ]   SB16 support: yes
00000000000i[     ]   USB support: yes
00000000000i[     ]   VGA extension support: vbe 
00000000000i[MEM0 ] allocated memory at 0xb6a14008. after alignment, vector=0xb6a15000
00000000000i[MEM0 ] 8.00MB
00000000000i[MEM0 ] mem block size = 0x00100000, blocks=8
00000000000i[MEM0 ] rom at 0xfffe0000/131072 ('/usr/share/bochs/BIOS-bochs-latest')
00000000000i[MEM0 ] rom at 0xc0000/38400 ('/usr/share/vgabios/vgabios.bin')
00000000000i[     ] lt_dlhandle is 0x97f8138
00000000000i[PLGIN] loaded plugin libbx_cmos.so
00000000000i[     ] lt_dlhandle is 0x97f8758
00000000000i[PLGIN] loaded plugin libbx_dma.so
00000000000i[     ] lt_dlhandle is 0x97f8d60
00000000000i[PLGIN] loaded plugin libbx_pic.so
00000000000i[     ] lt_dlhandle is 0x97f9258
00000000000i[PLGIN] loaded plugin libbx_pit.so
00000000000i[     ] lt_dlhandle is 0x97f9858
00000000000i[PLGIN] loaded plugin libbx_vga.so
00000000000i[     ] lt_dlhandle is 0x97f9c90
00000000000i[PLGIN] loaded plugin libbx_floppy.so
00000000000i[     ] lt_dlhandle is 0x97fa498
00000000000i[PLGIN] loaded plugin libbx_unmapped.so
00000000000i[     ] lt_dlhandle is 0x97fa9d0
00000000000i[PLGIN] loaded plugin libbx_biosdev.so
00000000000i[     ] lt_dlhandle is 0x97faf80
00000000000i[PLGIN] loaded plugin libbx_speaker.so
00000000000i[     ] lt_dlhandle is 0x97fb480
00000000000i[PLGIN] loaded plugin libbx_extfpuirq.so
00000000000i[     ] lt_dlhandle is 0x97fb978
00000000000i[PLGIN] loaded plugin libbx_gameport.so
00000000000i[     ] lt_dlhandle is 0x97fbe78
00000000000i[PLGIN] loaded plugin libbx_ioapic.so
00000000000i[     ] lt_dlhandle is 0x97fc430
00000000000i[PLGIN] loaded plugin libbx_keyboard.so
00000000000i[     ] lt_dlhandle is 0x97fca40
00000000000i[PLGIN] loaded plugin libbx_harddrv.so
00000000000i[     ] lt_dlhandle is 0x980e6b8
00000000000i[PLGIN] loaded plugin libbx_serial.so
00000000000i[     ] lt_dlhandle is 0x980f1e8
00000000000i[PLGIN] loaded plugin libbx_parallel.so
00000000000i[CMOS ] Using local time for initial clock
00000000000i[CMOS ] Setting initial clock to: Mon Oct 24 20:28:52 2011 (time0=1319459332)
00000000000i[DMA  ] channel 4 used by cascade
00000000000i[DMA  ] channel 2 used by Floppy Drive
00000000000i[FDD  ] fd0: 'fd.img' ro=0, h=2,t=80,spt=18
00000000000i[VGA  ] interval=300000
00000000000i[MEM0 ] Register memory access handlers: 0x000a0000 - 0x000bffff
00000000000i[XGUI ] test_alloc_colors: 16 colors available out of 16 colors tried
00000000000i[XGUI ] font 8 wide x 16 high, display depth = 24
00000000000i[MEM0 ] Register memory access handlers: 0xe0000000 - 0xe0ffffff
00000000000i[VGA  ] VBE Bochs Display Extension Enabled
00000000000i[PLGIN] init_dev of 'unmapped' plugin device by virtual method
00000000000i[PLGIN] init_dev of 'biosdev' plugin device by virtual method
00000000000i[PLGIN] init_dev of 'speaker' plugin device by virtual method
00000000000i[SPEAK] Failed to open /dev/console: 资源暂时不可用
00000000000i[SPEAK] Deactivating beep on console
00000000000i[PLGIN] init_dev of 'extfpuirq' plugin device by virtual method
00000000000i[PLGIN] init_dev of 'gameport' plugin device by virtual method
00000000000i[PLGIN] init_dev of 'ioapic' plugin device by virtual method
00000000000i[IOAP ] initializing I/O APIC
00000000000i[MEM0 ] Register memory access handlers: 0xfec00000 - 0xfec00fff
00000000000i[PLGIN] init_dev of 'keyboard' plugin device by virtual method
00000000000i[KBD  ] will paste characters every 1000 keyboard ticks
00000000000i[PLGIN] init_dev of 'harddrv' plugin device by virtual method
00000000000i[HD   ] HD on ata0-0: 'diskc.img' 'flat' mode 
00000000000i[HD   ] translation on ata0-0 set to 'large'
00000000000i[HD   ] Using boot sequence floppy, none, none
00000000000i[HD   ] Floppy boot signature check is enabled
00000000000i[PLGIN] init_dev of 'serial' plugin device by virtual method
00000000000i[SER  ] com1 at 0x03f8 irq 4
00000000000i[PLGIN] init_dev of 'parallel' plugin device by virtual method
00000000000i[PAR  ] parallel port 1 at 0x0378 irq 7
00000000000i[PLGIN] register state of 'unmapped' plugin device by virtual method
00000000000i[PLGIN] register state of 'biosdev' plugin device by virtual method
00000000000i[PLGIN] register state of 'speaker' plugin device by virtual method
00000000000i[PLGIN] register state of 'extfpuirq' plugin device by virtual method
00000000000i[PLGIN] register state of 'gameport' plugin device by virtual method
00000000000i[PLGIN] register state of 'ioapic' plugin device by virtual method
00000000000i[PLGIN] register state of 'keyboard' plugin device by virtual method
00000000000i[PLGIN] register state of 'harddrv' plugin device by virtual method
00000000000i[PLGIN] register state of 'serial' plugin device by virtual method
00000000000i[PLGIN] register state of 'parallel' plugin device by virtual method
00000000000i[SYS  ] bx_pc_system_c::Reset(HARDWARE) called
00000000000i[CPU0 ] cpu hardware reset
00000000000i[APIC0] allocate APIC id=0 (MMIO enabled) to 0xfee00000
00000000000i[PLGIN] reset of 'unmapped' plugin device by virtual method
00000000000i[PLGIN] reset of 'biosdev' plugin device by virtual method
00000000000i[PLGIN] reset of 'speaker' plugin device by virtual method
00000000000i[PLGIN] reset of 'extfpuirq' plugin device by virtual method
00000000000i[PLGIN] reset of 'gameport' plugin device by virtual method
00000000000i[PLGIN] reset of 'ioapic' plugin device by virtual method
00000000000i[PLGIN] reset of 'keyboard' plugin device by virtual method
00000000000i[PLGIN] reset of 'harddrv' plugin device by virtual method
00000000000i[PLGIN] reset of 'serial' plugin device by virtual method
00000000000i[PLGIN] reset of 'parallel' plugin device by virtual method
00000000000i[XGUI ] [x] Mouse off
00000003305i[BIOS ] $Revision: 1.235 $ $Date: 2009/09/28 16:36:02 $
00000472849i[KBD  ] reset-disable command received
00000590601i[VBIOS] VGABios $Id$
00000590672i[VGA  ] VBE known Display Interface b0c0
00000590704i[VGA  ] VBE known Display Interface b0c4
00000591373i[VBIOS] VBE Bios $Id$
00000902726i[BIOS ] Starting rombios32
00000903183i[BIOS ] Shutdown flag 0
00000903796i[BIOS ] ram_size=0x00800000
00000904222i[BIOS ] ram_end=8MB
00000944796i[BIOS ] Found 1 cpu(s)
00000960811i[BIOS ] bios_table_addr: 0x000fba98 end=0x000fcc00
00000975806i[BIOS ] MP table addr=0x000fbb70 MPC table addr=0x000fbaa0 size=0xd0
00000977472i[BIOS ] SMBIOS table addr=0x000fbb80
00000978263i[BIOS ] bios_table_cur_addr: 0x000fbc8a
00000990516i[BIOS ] ata0-0: PCHS=40/8/64 translation=large LCHS=40/8/64
00001200000i[XGUI ] charmap update. Font Height is 16
00004870776i[BIOS ] IDE time out
00017117351i[BIOS ] Booting from 0000:7c00
01672188000p[XGUI ] >>PANIC<< POWER button turned off.
01672188000i[CPU0 ] CPU is in protected mode (active)
01672188000i[CPU0 ] CS.d_b = 32 bit
01672188000i[CPU0 ] SS.d_b = 32 bit
01672188000i[CPU0 ] EFER   = 0x00000000
01672188000i[CPU0 ] | RAX=0000000000000000  RBX=0000000000012279
01672188000i[CPU0 ] | RCX=000000000001dc0c  RDX=00000000000003d4
01672188000i[CPU0 ] | RSP=0000000000101f3c  RBP=0000000000101f54
01672188000i[CPU0 ] | RSI=0000000000000020  RDI=0000000000000200
01672188000i[CPU0 ] |  R8=0000000000000000   R9=0000000000000000
01672188000i[CPU0 ] | R10=0000000000000000  R11=0000000000000000
01672188000i[CPU0 ] | R12=0000000000000000  R13=0000000000000000
01672188000i[CPU0 ] | R14=0000000000000000  R15=0000000000000000
01672188000i[CPU0 ] | IOPL=0 id vip vif ac vm rf nt of df if tf sf zf AF PF cf
01672188000i[CPU0 ] | SEG selector     base    limit G D
01672188000i[CPU0 ] | SEG sltr(index|ti|rpl)     base    limit G D
01672188000i[CPU0 ] |  CS:0008( 0001| 0|  0) 00000000 ffffffff 1 1
01672188000i[CPU0 ] |  DS:0010( 0002| 0|  0) 00000000 ffffffff 1 1
01672188000i[CPU0 ] |  SS:0010( 0002| 0|  0) 00000000 ffffffff 1 1
01672188000i[CPU0 ] |  ES:0010( 0002| 0|  0) 00000000 ffffffff 1 1
01672188000i[CPU0 ] |  FS:0010( 0002| 0|  0) 00000000 ffffffff 1 1
01672188000i[CPU0 ] |  GS:0010( 0002| 0|  0) 00000000 ffffffff 1 1
01672188000i[CPU0 ] |  MSR_FS_BASE:0000000000000000
01672188000i[CPU0 ] |  MSR_GS_BASE:0000000000000000
01672188000i[CPU0 ] | RIP=0000000000016506 (0000000000016506)
01672188000i[CPU0 ] | CR0=0x60000011 CR2=0x0000000000000000
01672188000i[CPU0 ] | CR3=0x00000000 CR4=0x00000000
01672188000i[CPU0 ] 0x0000000000016506>> jmp .+0xfffffffe (0x00016506) : EBFE
01672188000i[CMOS ] Last time is 1319459750 (Mon Oct 24 20:35:50 2011)
01672188000i[XGUI ] Exit
01672188000i[     ] restoring default signal behavior
01672188000i[CTRL ] quit_sim called with exit code 1
