00000000000i[     ] Bochs x86 Emulator 2.5.1
00000000000i[     ]   Built from SVN snapshot on January 6, 2012
00000000000i[     ] Compiled on Feb 25 2012 at 06:26:46
00000000000i[     ] System configuration
00000000000i[     ]   processors: 1 (cores=1, HT threads=1)
00000000000i[     ]   A20 line support: yes
00000000000i[     ] IPS is set to 4000000
00000000000i[     ] CPU configuration
00000000000i[     ]   level: 6
00000000000i[     ]   SMP support: no
00000000000i[     ]   APIC support: xapic
00000000000i[     ]   FPU support: yes
00000000000i[     ]   MMX support: yes
00000000000i[     ]   3dnow! support: yes
00000000000i[     ]   SEP support: yes
00000000000i[     ]   SSE support: sse2
00000000000i[     ]   XSAVE support: no 
00000000000i[     ]   AES support: no
00000000000i[     ]   MOVBE support: no
00000000000i[     ]   x86-64 support: no
00000000000i[     ]   MWAIT support: yes
00000000000i[     ] Optimization configuration
00000000000i[     ]   RepeatSpeedups support: no
00000000000i[     ]   Fast function calls: no
00000000000i[     ]   Handlers Chaining speedups: no
00000000000i[     ] Devices configuration
00000000000i[     ]   NE2000 support: no
00000000000i[     ]   PCI support: no, enabled=no
00000000000i[     ]   SB16 support: no
00000000000i[     ]   USB support: no
00000000000i[     ]   VGA extension support: vbe 
00000000000i[MEM0 ] allocated memory at 0xb612a008. after alignment, vector=0xb612b000
00000000000i[MEM0 ] 8.00MB
00000000000i[MEM0 ] mem block size = 0x00100000, blocks=8
00000000000i[MEM0 ] rom at 0xfffe0000/131072 ('/usr/share/bochs/BIOS-bochs-latest')
00000000000i[CMOS ] Using local time for initial clock
00000000000i[CMOS ] Setting initial clock to: Mon May  7 21:23:31 2012 (time0=1336397011)
00000000000i[DMA  ] channel 4 used by cascade
00000000000i[DMA  ] channel 2 used by Floppy Drive
00000000000i[FDD  ] fd0: 'fd.img' ro=0, h=2,t=80,spt=18
00000000000i[MEM0 ] Register memory access handlers: 0x00000000000a0000 - 0x00000000000bffff
00000000000i[XGUI ] test_alloc_colors: 16 colors available out of 16 colors tried
00000000000i[XGUI ] font 8 wide x 16 high, display depth = 24
00000000000i[VGA  ] interval=333333
00000000000i[MEM0 ] Register memory access handlers: 0x00000000e0000000 - 0x00000000e0ffffff
00000000000i[BXVGA] VBE Bochs Display Extension Enabled
00000000000i[MEM0 ] rom at 0xc0000/41472 ('/usr/share/bochs/VGABIOS-lgpl-latest')
00000000000i[     ] init_dev of 'unmapped' plugin device by virtual method
00000000000i[     ] init_dev of 'biosdev' plugin device by virtual method
00000000000i[     ] init_dev of 'speaker' plugin device by virtual method
00000000000i[SPEAK] Failed to open /dev/console: 资源暂时不可用
00000000000i[SPEAK] Deactivating beep on console
00000000000i[     ] init_dev of 'extfpuirq' plugin device by virtual method
00000000000i[     ] init_dev of 'ioapic' plugin device by virtual method
00000000000i[IOAP ] initializing I/O APIC
00000000000i[MEM0 ] Register memory access handlers: 0x00000000fec00000 - 0x00000000fec00fff
00000000000i[     ] init_dev of 'keyboard' plugin device by virtual method
00000000000i[KBD  ] will paste characters every 1000 keyboard ticks
00000000000i[     ] init_dev of 'harddrv' plugin device by virtual method
00000000000i[HD   ] Using boot sequence floppy, none, none
00000000000i[HD   ] Floppy boot signature check is enabled
00000000000i[     ] init_dev of 'serial' plugin device by virtual method
00000000000i[SER  ] com1 at 0x03f8 irq 4
00000000000i[     ] init_dev of 'parallel' plugin device by virtual method
00000000000i[PAR  ] parallel port 1 at 0x0378 irq 7
00000000000i[     ] register state of 'unmapped' plugin device by virtual method
00000000000i[     ] register state of 'biosdev' plugin device by virtual method
00000000000i[     ] register state of 'speaker' plugin device by virtual method
00000000000i[     ] register state of 'extfpuirq' plugin device by virtual method
00000000000i[     ] register state of 'ioapic' plugin device by virtual method
00000000000i[     ] register state of 'keyboard' plugin device by virtual method
00000000000i[     ] register state of 'harddrv' plugin device by virtual method
00000000000i[     ] register state of 'serial' plugin device by virtual method
00000000000i[     ] register state of 'parallel' plugin device by virtual method
00000000000i[SYS  ] bx_pc_system_c::Reset(HARDWARE) called
00000000000i[CPU0 ] cpu hardware reset
00000000000i[APIC0] allocate APIC id=0 (MMIO enabled) to 0x00000000fee00000
00000000000i[CPU0 ] CPUID[0x00000000]: 00000005 68747541 444d4163 69746e65
00000000000i[CPU0 ] CPUID[0x00000001]: 00000633 00010800 00000008 07cbfbff
00000000000i[CPU0 ] CPUID[0x00000002]: 00000000 00000000 00000000 00000000
00000000000i[CPU0 ] CPUID[0x00000003]: 00000000 00000000 00000000 00000000
00000000000i[CPU0 ] CPUID[0x00000004]: 00000000 00000000 00000000 00000000
00000000000i[CPU0 ] CPUID[0x00000005]: 00000040 00000040 00000003 00000020
00000000000i[CPU0 ] CPUID[0x80000000]: 80000004 68747541 444d4163 69746e65
00000000000i[CPU0 ] CPUID[0x80000001]: 00000633 00000000 00000000 c1c3f3ff
00000000000i[CPU0 ] CPUID[0x80000002]: 20444d41 6c687441 74286e6f 7020296d
00000000000i[CPU0 ] CPUID[0x80000003]: 65636f72 726f7373 00000000 00000000
00000000000i[CPU0 ] CPUID[0x80000004]: 00000000 00000000 00000000 00000000
00000000000i[     ] reset of 'unmapped' plugin device by virtual method
00000000000i[     ] reset of 'biosdev' plugin device by virtual method
00000000000i[     ] reset of 'speaker' plugin device by virtual method
00000000000i[     ] reset of 'extfpuirq' plugin device by virtual method
00000000000i[     ] reset of 'ioapic' plugin device by virtual method
00000000000i[     ] reset of 'keyboard' plugin device by virtual method
00000000000i[     ] reset of 'harddrv' plugin device by virtual method
00000000000i[     ] reset of 'serial' plugin device by virtual method
00000000000i[     ] reset of 'parallel' plugin device by virtual method
00000000000i[XGUI ] Mouse capture off
00000004855i[BIOS ] $Revision: 10789 $ $Date: 2011-11-24 17:03:51 +0100 (Do, 24. Nov 2011) $
00000528875i[KBD  ] reset-disable command received
00000531241i[BIOS ] Starting rombios32
00000531688i[BIOS ] Shutdown flag 0
00000532286i[BIOS ] ram_size=0x00800000
00000532698i[BIOS ] ram_end=8MB
00000573446i[BIOS ] Found 1 cpu(s)
00000589700i[BIOS ] bios_table_addr: 0x000fbde8 end=0x000fcc00
00000602270i[BIOS ] bios_table_cur_addr: 0x000fbde8
00000729888i[VBIOS] VGABios $Id: vgabios.c,v 1.75 2011/10/15 14:07:21 vruppert Exp $
00000729959i[BXVGA] VBE known Display Interface b0c0
00000729991i[BXVGA] VBE known Display Interface b0c5
00000732916i[VBIOS] VBE Bios $Id: vbe.c,v 1.64 2011/07/19 18:25:05 vruppert Exp $
00005333328i[XGUI ] charmap update. Font Height is 16
00013164296i[BIOS ] Booting from 0000:7c00
00887760000p[XGUI ] >>PANIC<< POWER button turned off.
00887760000i[CPU0 ] CPU is in protected mode (active)
00887760000i[CPU0 ] CS.mode = 32 bit
00887760000i[CPU0 ] SS.mode = 32 bit
00887760000i[CPU0 ] | EAX=00000000  EBX=00000000  ECX=00001000  EDX=00000000
00887760000i[CPU0 ] | ESP=00002f8c  EBP=00000000  ESI=00000000  EDI=00000000
00887760000i[CPU0 ] | IOPL=0 id vip vif ac vm rf nt of df if tf sf ZF af PF cf
00887760000i[CPU0 ] | SEG sltr(index|ti|rpl)     base    limit G D
00887760000i[CPU0 ] |  CS:0008( 0001| 0|  0) 00000000 ffffffff 1 1
00887760000i[CPU0 ] |  DS:0010( 0002| 0|  0) 00000000 ffffffff 1 1
00887760000i[CPU0 ] |  SS:0010( 0002| 0|  0) 00000000 ffffffff 1 1
00887760000i[CPU0 ] |  ES:0010( 0002| 0|  0) 00000000 ffffffff 1 1
00887760000i[CPU0 ] |  FS:0000( 0000| 0|  0) 00000000 00000000 0 0
00887760000i[CPU0 ] |  GS:0000( 0000| 0|  0) 00000000 00000000 0 0
00887760000i[CPU0 ] | EIP=00015211 (00015211)
00887760000i[CPU0 ] | CR0=0x60000011 CR2=0x00000000
00887760000i[CPU0 ] | CR3=0x00000000 CR4=0x00000000
00887760000i[CPU0 ] 0x00015211>> jz .+75 (0x0001525e) : 744B
00887760000i[CMOS ] Last time is 1336397232 (Mon May  7 21:27:12 2012)
00887760000i[XGUI ] Exit
00887760000i[     ] restoring default signal behavior
00887760000i[CTRL ] quit_sim called with exit code 1
